2017-04-09 22:17:42 Error: [Cake\Routing\Exception\MissingControllerException] Controller class Add could not be found.
Exception Attributes: array (
  'class' => 'Add',
  'plugin' => false,
  'prefix' => false,
  '_ext' => false,
)
Request URL: /add
Stack Trace:
#0 C:\xampp\htdocs\customer_portal\vendor\cakephp\cakephp\src\Http\ControllerFactory.php(70): Cake\Http\ControllerFactory->missingController(Object(Cake\Http\ServerRequest))
#1 C:\xampp\htdocs\customer_portal\vendor\cakephp\cakephp\src\Http\ActionDispatcher.php(90): Cake\Http\ControllerFactory->create(Object(Cake\Http\ServerRequest), Object(Cake\Http\Response))
#2 C:\xampp\htdocs\customer_portal\vendor\cakephp\cakephp\src\Http\BaseApplication.php(78): Cake\Http\ActionDispatcher->dispatch(Object(Cake\Http\ServerRequest), Object(Cake\Http\Response))
#3 C:\xampp\htdocs\customer_portal\vendor\cakephp\cakephp\src\Http\Runner.php(65): Cake\Http\BaseApplication->__invoke(Object(Cake\Http\ServerRequest), Object(Cake\Http\Response), Object(Cake\Http\Runner))
#4 C:\xampp\htdocs\customer_portal\vendor\cakephp\cakephp\src\Routing\Middleware\RoutingMiddleware.php(59): Cake\Http\Runner->__invoke(Object(Cake\Http\ServerRequest), Object(Cake\Http\Response))
#5 C:\xampp\htdocs\customer_portal\vendor\cakephp\cakephp\src\Http\Runner.php(65): Cake\Routing\Middleware\RoutingMiddleware->__invoke(Object(Cake\Http\ServerRequest), Object(Cake\Http\Response), Object(Cake\Http\Runner))
#6 C:\xampp\htdocs\customer_portal\vendor\cakephp\cakephp\src\Routing\Middleware\AssetMiddleware.php(88): Cake\Http\Runner->__invoke(Object(Cake\Http\ServerRequest), Object(Cake\Http\Response))
#7 C:\xampp\htdocs\customer_portal\vendor\cakephp\cakephp\src\Http\Runner.php(65): Cake\Routing\Middleware\AssetMiddleware->__invoke(Object(Cake\Http\ServerRequest), Object(Cake\Http\Response), Object(Cake\Http\Runner))
#8 C:\xampp\htdocs\customer_portal\vendor\cakephp\cakephp\src\Error\Middleware\ErrorHandlerMiddleware.php(92): Cake\Http\Runner->__invoke(Object(Cake\Http\ServerRequest), Object(Cake\Http\Response))
#9 C:\xampp\htdocs\customer_portal\vendor\cakephp\cakephp\src\Http\Runner.php(65): Cake\Error\Middleware\ErrorHandlerMiddleware->__invoke(Object(Cake\Http\ServerRequest), Object(Cake\Http\Response), Object(Cake\Http\Runner))
#10 C:\xampp\htdocs\customer_portal\vendor\cakephp\cakephp\src\Http\Runner.php(51): Cake\Http\Runner->__invoke(Object(Cake\Http\ServerRequest), Object(Cake\Http\Response))
#11 C:\xampp\htdocs\customer_portal\vendor\cakephp\cakephp\src\Http\Server.php(80): Cake\Http\Runner->run(Object(Cake\Http\MiddlewareQueue), Object(Cake\Http\ServerRequest), Object(Cake\Http\Response))
#12 C:\xampp\htdocs\customer_portal\webroot\index.php(37): Cake\Http\Server->run()
#13 {main}


2017-04-09 23:11:21 Error: [Cake\Routing\Exception\MissingControllerException] Controller class Customer could not be found.
Exception Attributes: array (
  'class' => 'Customer',
  'plugin' => false,
  'prefix' => false,
  '_ext' => false,
)
Request URL: /customer
Stack Trace:
#0 C:\xampp\htdocs\customer_portal\vendor\cakephp\cakephp\src\Http\ControllerFactory.php(70): Cake\Http\ControllerFactory->missingController(Object(Cake\Http\ServerRequest))
#1 C:\xampp\htdocs\customer_portal\vendor\cakephp\cakephp\src\Http\ActionDispatcher.php(90): Cake\Http\ControllerFactory->create(Object(Cake\Http\ServerRequest), Object(Cake\Http\Response))
#2 C:\xampp\htdocs\customer_portal\vendor\cakephp\cakephp\src\Http\BaseApplication.php(78): Cake\Http\ActionDispatcher->dispatch(Object(Cake\Http\ServerRequest), Object(Cake\Http\Response))
#3 C:\xampp\htdocs\customer_portal\vendor\cakephp\cakephp\src\Http\Runner.php(65): Cake\Http\BaseApplication->__invoke(Object(Cake\Http\ServerRequest), Object(Cake\Http\Response), Object(Cake\Http\Runner))
#4 C:\xampp\htdocs\customer_portal\vendor\cakephp\cakephp\src\Routing\Middleware\RoutingMiddleware.php(59): Cake\Http\Runner->__invoke(Object(Cake\Http\ServerRequest), Object(Cake\Http\Response))
#5 C:\xampp\htdocs\customer_portal\vendor\cakephp\cakephp\src\Http\Runner.php(65): Cake\Routing\Middleware\RoutingMiddleware->__invoke(Object(Cake\Http\ServerRequest), Object(Cake\Http\Response), Object(Cake\Http\Runner))
#6 C:\xampp\htdocs\customer_portal\vendor\cakephp\cakephp\src\Routing\Middleware\AssetMiddleware.php(88): Cake\Http\Runner->__invoke(Object(Cake\Http\ServerRequest), Object(Cake\Http\Response))
#7 C:\xampp\htdocs\customer_portal\vendor\cakephp\cakephp\src\Http\Runner.php(65): Cake\Routing\Middleware\AssetMiddleware->__invoke(Object(Cake\Http\ServerRequest), Object(Cake\Http\Response), Object(Cake\Http\Runner))
#8 C:\xampp\htdocs\customer_portal\vendor\cakephp\cakephp\src\Error\Middleware\ErrorHandlerMiddleware.php(92): Cake\Http\Runner->__invoke(Object(Cake\Http\ServerRequest), Object(Cake\Http\Response))
#9 C:\xampp\htdocs\customer_portal\vendor\cakephp\cakephp\src\Http\Runner.php(65): Cake\Error\Middleware\ErrorHandlerMiddleware->__invoke(Object(Cake\Http\ServerRequest), Object(Cake\Http\Response), Object(Cake\Http\Runner))
#10 C:\xampp\htdocs\customer_portal\vendor\cakephp\cakephp\src\Http\Runner.php(51): Cake\Http\Runner->__invoke(Object(Cake\Http\ServerRequest), Object(Cake\Http\Response))
#11 C:\xampp\htdocs\customer_portal\vendor\cakephp\cakephp\src\Http\Server.php(80): Cake\Http\Runner->run(Object(Cake\Http\MiddlewareQueue), Object(Cake\Http\ServerRequest), Object(Cake\Http\Response))
#12 C:\xampp\htdocs\customer_portal\webroot\index.php(37): Cake\Http\Server->run()
#13 {main}


2017-04-09 23:33:50 Error: [Cake\Routing\Exception\MissingControllerException] Controller class Customer could not be found.
Exception Attributes: array (
  'class' => 'Customer',
  'plugin' => false,
  'prefix' => false,
  '_ext' => false,
)
Request URL: /customer
Referer URL: http://localhost/customer_portal/passengers
Stack Trace:
#0 C:\xampp\htdocs\customer_portal\vendor\cakephp\cakephp\src\Http\ControllerFactory.php(70): Cake\Http\ControllerFactory->missingController(Object(Cake\Http\ServerRequest))
#1 C:\xampp\htdocs\customer_portal\vendor\cakephp\cakephp\src\Http\ActionDispatcher.php(90): Cake\Http\ControllerFactory->create(Object(Cake\Http\ServerRequest), Object(Cake\Http\Response))
#2 C:\xampp\htdocs\customer_portal\vendor\cakephp\cakephp\src\Http\BaseApplication.php(78): Cake\Http\ActionDispatcher->dispatch(Object(Cake\Http\ServerRequest), Object(Cake\Http\Response))
#3 C:\xampp\htdocs\customer_portal\vendor\cakephp\cakephp\src\Http\Runner.php(65): Cake\Http\BaseApplication->__invoke(Object(Cake\Http\ServerRequest), Object(Cake\Http\Response), Object(Cake\Http\Runner))
#4 C:\xampp\htdocs\customer_portal\vendor\cakephp\cakephp\src\Routing\Middleware\RoutingMiddleware.php(59): Cake\Http\Runner->__invoke(Object(Cake\Http\ServerRequest), Object(Cake\Http\Response))
#5 C:\xampp\htdocs\customer_portal\vendor\cakephp\cakephp\src\Http\Runner.php(65): Cake\Routing\Middleware\RoutingMiddleware->__invoke(Object(Cake\Http\ServerRequest), Object(Cake\Http\Response), Object(Cake\Http\Runner))
#6 C:\xampp\htdocs\customer_portal\vendor\cakephp\cakephp\src\Routing\Middleware\AssetMiddleware.php(88): Cake\Http\Runner->__invoke(Object(Cake\Http\ServerRequest), Object(Cake\Http\Response))
#7 C:\xampp\htdocs\customer_portal\vendor\cakephp\cakephp\src\Http\Runner.php(65): Cake\Routing\Middleware\AssetMiddleware->__invoke(Object(Cake\Http\ServerRequest), Object(Cake\Http\Response), Object(Cake\Http\Runner))
#8 C:\xampp\htdocs\customer_portal\vendor\cakephp\cakephp\src\Error\Middleware\ErrorHandlerMiddleware.php(92): Cake\Http\Runner->__invoke(Object(Cake\Http\ServerRequest), Object(Cake\Http\Response))
#9 C:\xampp\htdocs\customer_portal\vendor\cakephp\cakephp\src\Http\Runner.php(65): Cake\Error\Middleware\ErrorHandlerMiddleware->__invoke(Object(Cake\Http\ServerRequest), Object(Cake\Http\Response), Object(Cake\Http\Runner))
#10 C:\xampp\htdocs\customer_portal\vendor\cakephp\cakephp\src\Http\Runner.php(51): Cake\Http\Runner->__invoke(Object(Cake\Http\ServerRequest), Object(Cake\Http\Response))
#11 C:\xampp\htdocs\customer_portal\vendor\cakephp\cakephp\src\Http\Server.php(80): Cake\Http\Runner->run(Object(Cake\Http\MiddlewareQueue), Object(Cake\Http\ServerRequest), Object(Cake\Http\Response))
#12 C:\xampp\htdocs\customer_portal\webroot\index.php(37): Cake\Http\Server->run()
#13 {main}


2017-04-10 01:41:17 Warning: Warning (2): session_destroy(): Session object destruction failed in [C:\xampp\htdocs\customer_portal\vendor\cakephp\cakephp\src\Network\Session.php, line 509]
Request URL: /passengers
Referer URL: http://localhost/customer_portal/passengers/add
Trace:
Cake\Error\BaseErrorHandler::handleError() - CORE\src\Error\BaseErrorHandler.php, line 153
session_destroy - [internal], line ??
Cake\Network\Session::destroy() - CORE\src\Network\Session.php, line 509
Cake\Network\Session::start() - CORE\src\Network\Session.php, line 333
Cake\Network\Session::check() - CORE\src\Network\Session.php, line 360
Cake\View\Helper\FlashHelper::render() - CORE\src\View\Helper\FlashHelper.php, line 73
include - APP/Template\Layout\default.ctp, line 50
Cake\View\View::_evaluate() - CORE\src\View\View.php, line 1011
Cake\View\View::_render() - CORE\src\View\View.php, line 972
Cake\View\View::renderLayout() - CORE\src\View\View.php, line 643
Cake\View\View::render() - CORE\src\View\View.php, line 601
Cake\Controller\Controller::render() - CORE\src\Controller\Controller.php, line 623
Cake\Http\ActionDispatcher::_invoke() - CORE\src\Http\ActionDispatcher.php, line 125
Cake\Http\ActionDispatcher::dispatch() - CORE\src\Http\ActionDispatcher.php, line 93
Cake\Http\BaseApplication::__invoke() - CORE\src\Http\BaseApplication.php, line 78
Cake\Http\Runner::__invoke() - CORE\src\Http\Runner.php, line 65
Cake\Routing\Middleware\RoutingMiddleware::__invoke() - CORE\src\Routing\Middleware\RoutingMiddleware.php, line 59
Cake\Http\Runner::__invoke() - CORE\src\Http\Runner.php, line 65
Cake\Routing\Middleware\AssetMiddleware::__invoke() - CORE\src\Routing\Middleware\AssetMiddleware.php, line 88
Cake\Http\Runner::__invoke() - CORE\src\Http\Runner.php, line 65
Cake\Error\Middleware\ErrorHandlerMiddleware::__invoke() - CORE\src\Error\Middleware\ErrorHandlerMiddleware.php, line 92
Cake\Http\Runner::__invoke() - CORE\src\Http\Runner.php, line 65
Cake\Http\Runner::run() - CORE\src\Http\Runner.php, line 51
Cake\Http\Server::run() - CORE\src\Http\Server.php, line 80
[main] - ROOT\webroot\index.php, line 37



2017-04-10 01:41:17 Warning: Warning (2): session_destroy(): Session object destruction failed in [C:\xampp\htdocs\customer_portal\vendor\cakephp\cakephp\src\Network\Session.php, line 509]
Request URL: /passengers
Referer URL: http://localhost/customer_portal/passengers/add
Trace:
Cake\Error\BaseErrorHandler::handleError() - CORE\src\Error\BaseErrorHandler.php, line 153
session_destroy - [internal], line ??
Cake\Network\Session::destroy() - CORE\src\Network\Session.php, line 509
Cake\Network\Session::start() - CORE\src\Network\Session.php, line 333
Cake\Network\Session::check() - CORE\src\Network\Session.php, line 360
Cake\View\Helper\FlashHelper::render() - CORE\src\View\Helper\FlashHelper.php, line 73
include - APP/Template\Layout\default.ctp, line 50
Cake\View\View::_evaluate() - CORE\src\View\View.php, line 1011
Cake\View\View::_render() - CORE\src\View\View.php, line 972
Cake\View\View::renderLayout() - CORE\src\View\View.php, line 643
Cake\View\View::render() - CORE\src\View\View.php, line 601
Cake\Controller\Controller::render() - CORE\src\Controller\Controller.php, line 623
Cake\Http\ActionDispatcher::_invoke() - CORE\src\Http\ActionDispatcher.php, line 125
Cake\Http\ActionDispatcher::dispatch() - CORE\src\Http\ActionDispatcher.php, line 93
Cake\Http\BaseApplication::__invoke() - CORE\src\Http\BaseApplication.php, line 78
Cake\Http\Runner::__invoke() - CORE\src\Http\Runner.php, line 65
Cake\Routing\Middleware\RoutingMiddleware::__invoke() - CORE\src\Routing\Middleware\RoutingMiddleware.php, line 59
Cake\Http\Runner::__invoke() - CORE\src\Http\Runner.php, line 65
Cake\Routing\Middleware\AssetMiddleware::__invoke() - CORE\src\Routing\Middleware\AssetMiddleware.php, line 88
Cake\Http\Runner::__invoke() - CORE\src\Http\Runner.php, line 65
Cake\Error\Middleware\ErrorHandlerMiddleware::__invoke() - CORE\src\Error\Middleware\ErrorHandlerMiddleware.php, line 92
Cake\Http\Runner::__invoke() - CORE\src\Http\Runner.php, line 65
Cake\Http\Runner::run() - CORE\src\Http\Runner.php, line 51
Cake\Http\Server::run() - CORE\src\Http\Server.php, line 80
[main] - ROOT\webroot\index.php, line 37



2017-04-10 02:50:12 Error: [Cake\Core\Exception\MissingPluginException] Plugin CsvView.Csv could not be found. in C:\xampp\htdocs\customer_portal\vendor\cakephp\cakephp\src\Core\Plugin.php on line 149
Exception Attributes: array (
  'plugin' => 'CsvView.Csv',
)
Stack Trace:
#0 C:\xampp\htdocs\customer_portal\config\bootstrap.php(215): Cake\Core\Plugin::load('CsvView.Csv')
#1 C:\xampp\htdocs\customer_portal\vendor\cakephp\cakephp\src\Http\BaseApplication.php(61): require_once('C:\\xampp\\htdocs...')
#2 C:\xampp\htdocs\customer_portal\vendor\cakephp\cakephp\src\Http\Server.php(70): Cake\Http\BaseApplication->bootstrap()
#3 C:\xampp\htdocs\customer_portal\webroot\index.php(37): Cake\Http\Server->run()
#4 {main}


2017-04-10 02:50:58 Error: [Cake\Core\Exception\MissingPluginException] Plugin CsvView.Csv could not be found. in C:\xampp\htdocs\customer_portal\vendor\cakephp\cakephp\src\Core\Plugin.php on line 149
Exception Attributes: array (
  'plugin' => 'CsvView.Csv',
)
Stack Trace:
#0 C:\xampp\htdocs\customer_portal\config\bootstrap.php(215): Cake\Core\Plugin::load('CsvView.Csv')
#1 C:\xampp\htdocs\customer_portal\vendor\cakephp\cakephp\src\Http\BaseApplication.php(61): require_once('C:\\xampp\\htdocs...')
#2 C:\xampp\htdocs\customer_portal\vendor\cakephp\cakephp\src\Http\Server.php(70): Cake\Http\BaseApplication->bootstrap()
#3 C:\xampp\htdocs\customer_portal\webroot\index.php(37): Cake\Http\Server->run()
#4 {main}


2017-04-10 02:55:55 Error: [Cake\Core\Exception\MissingPluginException] Plugin CsvView.Csv could not be found. in C:\xampp\htdocs\customer_portal\vendor\cakephp\cakephp\src\Core\Plugin.php on line 149
Exception Attributes: array (
  'plugin' => 'CsvView.Csv',
)
Stack Trace:
#0 C:\xampp\htdocs\customer_portal\config\bootstrap.php(216): Cake\Core\Plugin::load('CsvView.Csv')
#1 C:\xampp\htdocs\customer_portal\vendor\cakephp\cakephp\src\Http\BaseApplication.php(61): require_once('C:\\xampp\\htdocs...')
#2 C:\xampp\htdocs\customer_portal\vendor\cakephp\cakephp\src\Http\Server.php(70): Cake\Http\BaseApplication->bootstrap()
#3 C:\xampp\htdocs\customer_portal\webroot\index.php(37): Cake\Http\Server->run()
#4 {main}


2017-04-10 03:09:38 Error: [Cake\Core\Exception\MissingPluginException] Plugin CsvView.Csv could not be found. in C:\xampp\htdocs\customer_portal\vendor\cakephp\cakephp\src\Core\Plugin.php on line 149
Exception Attributes: array (
  'plugin' => 'CsvView.Csv',
)
Stack Trace:
#0 C:\xampp\htdocs\customer_portal\config\bootstrap.php(216): Cake\Core\Plugin::load('CsvView.Csv')
#1 C:\xampp\htdocs\customer_portal\vendor\cakephp\cakephp\src\Http\BaseApplication.php(61): require_once('C:\\xampp\\htdocs...')
#2 C:\xampp\htdocs\customer_portal\vendor\cakephp\cakephp\src\Http\Server.php(70): Cake\Http\BaseApplication->bootstrap()
#3 C:\xampp\htdocs\customer_portal\webroot\index.php(37): Cake\Http\Server->run()
#4 {main}


2017-04-10 03:09:39 Error: [Cake\Core\Exception\MissingPluginException] Plugin CsvView.Csv could not be found. in C:\xampp\htdocs\customer_portal\vendor\cakephp\cakephp\src\Core\Plugin.php on line 149
Exception Attributes: array (
  'plugin' => 'CsvView.Csv',
)
Stack Trace:
#0 C:\xampp\htdocs\customer_portal\config\bootstrap.php(216): Cake\Core\Plugin::load('CsvView.Csv')
#1 C:\xampp\htdocs\customer_portal\vendor\cakephp\cakephp\src\Http\BaseApplication.php(61): require_once('C:\\xampp\\htdocs...')
#2 C:\xampp\htdocs\customer_portal\vendor\cakephp\cakephp\src\Http\Server.php(70): Cake\Http\BaseApplication->bootstrap()
#3 C:\xampp\htdocs\customer_portal\webroot\index.php(37): Cake\Http\Server->run()
#4 {main}


2017-04-10 03:09:42 Error: [Cake\Core\Exception\MissingPluginException] Plugin CsvView.Csv could not be found. in C:\xampp\htdocs\customer_portal\vendor\cakephp\cakephp\src\Core\Plugin.php on line 149
Exception Attributes: array (
  'plugin' => 'CsvView.Csv',
)
Stack Trace:
#0 C:\xampp\htdocs\customer_portal\config\bootstrap.php(216): Cake\Core\Plugin::load('CsvView.Csv')
#1 C:\xampp\htdocs\customer_portal\vendor\cakephp\cakephp\src\Http\BaseApplication.php(61): require_once('C:\\xampp\\htdocs...')
#2 C:\xampp\htdocs\customer_portal\vendor\cakephp\cakephp\src\Http\Server.php(70): Cake\Http\BaseApplication->bootstrap()
#3 C:\xampp\htdocs\customer_portal\webroot\index.php(37): Cake\Http\Server->run()
#4 {main}


2017-04-10 03:09:42 Error: [Cake\Core\Exception\MissingPluginException] Plugin CsvView.Csv could not be found. in C:\xampp\htdocs\customer_portal\vendor\cakephp\cakephp\src\Core\Plugin.php on line 149
Exception Attributes: array (
  'plugin' => 'CsvView.Csv',
)
Stack Trace:
#0 C:\xampp\htdocs\customer_portal\config\bootstrap.php(216): Cake\Core\Plugin::load('CsvView.Csv')
#1 C:\xampp\htdocs\customer_portal\vendor\cakephp\cakephp\src\Http\BaseApplication.php(61): require_once('C:\\xampp\\htdocs...')
#2 C:\xampp\htdocs\customer_portal\vendor\cakephp\cakephp\src\Http\Server.php(70): Cake\Http\BaseApplication->bootstrap()
#3 C:\xampp\htdocs\customer_portal\webroot\index.php(37): Cake\Http\Server->run()
#4 {main}


2017-04-10 03:09:42 Error: [Cake\Core\Exception\MissingPluginException] Plugin CsvView.Csv could not be found. in C:\xampp\htdocs\customer_portal\vendor\cakephp\cakephp\src\Core\Plugin.php on line 149
Exception Attributes: array (
  'plugin' => 'CsvView.Csv',
)
Stack Trace:
#0 C:\xampp\htdocs\customer_portal\config\bootstrap.php(216): Cake\Core\Plugin::load('CsvView.Csv')
#1 C:\xampp\htdocs\customer_portal\vendor\cakephp\cakephp\src\Http\BaseApplication.php(61): require_once('C:\\xampp\\htdocs...')
#2 C:\xampp\htdocs\customer_portal\vendor\cakephp\cakephp\src\Http\Server.php(70): Cake\Http\BaseApplication->bootstrap()
#3 C:\xampp\htdocs\customer_portal\webroot\index.php(37): Cake\Http\Server->run()
#4 {main}


2017-04-10 03:09:43 Error: [Cake\Core\Exception\MissingPluginException] Plugin CsvView.Csv could not be found. in C:\xampp\htdocs\customer_portal\vendor\cakephp\cakephp\src\Core\Plugin.php on line 149
Exception Attributes: array (
  'plugin' => 'CsvView.Csv',
)
Stack Trace:
#0 C:\xampp\htdocs\customer_portal\config\bootstrap.php(216): Cake\Core\Plugin::load('CsvView.Csv')
#1 C:\xampp\htdocs\customer_portal\vendor\cakephp\cakephp\src\Http\BaseApplication.php(61): require_once('C:\\xampp\\htdocs...')
#2 C:\xampp\htdocs\customer_portal\vendor\cakephp\cakephp\src\Http\Server.php(70): Cake\Http\BaseApplication->bootstrap()
#3 C:\xampp\htdocs\customer_portal\webroot\index.php(37): Cake\Http\Server->run()
#4 {main}


2017-04-10 03:33:36 Error: [Cake\Core\Exception\MissingPluginException] Plugin CsvView.Csv could not be found. in C:\xampp\htdocs\customer_portal\vendor\cakephp\cakephp\src\Core\Plugin.php on line 149
Exception Attributes: array (
  'plugin' => 'CsvView.Csv',
)
Stack Trace:
#0 C:\xampp\htdocs\customer_portal\config\bootstrap.php(216): Cake\Core\Plugin::load('CsvView.Csv')
#1 C:\xampp\htdocs\customer_portal\vendor\cakephp\cakephp\src\Http\BaseApplication.php(61): require_once('C:\\xampp\\htdocs...')
#2 C:\xampp\htdocs\customer_portal\vendor\cakephp\cakephp\src\Http\Server.php(70): Cake\Http\BaseApplication->bootstrap()
#3 C:\xampp\htdocs\customer_portal\webroot\index.php(37): Cake\Http\Server->run()
#4 {main}


2017-04-10 03:33:43 Error: [Cake\Core\Exception\MissingPluginException] Plugin CsvView.Csv could not be found. in C:\xampp\htdocs\customer_portal\vendor\cakephp\cakephp\src\Core\Plugin.php on line 149
Exception Attributes: array (
  'plugin' => 'CsvView.Csv',
)
Stack Trace:
#0 C:\xampp\htdocs\customer_portal\config\bootstrap.php(216): Cake\Core\Plugin::load('CsvView.Csv')
#1 C:\xampp\htdocs\customer_portal\vendor\cakephp\cakephp\src\Http\BaseApplication.php(61): require_once('C:\\xampp\\htdocs...')
#2 C:\xampp\htdocs\customer_portal\vendor\cakephp\cakephp\src\Http\Server.php(70): Cake\Http\BaseApplication->bootstrap()
#3 C:\xampp\htdocs\customer_portal\webroot\index.php(37): Cake\Http\Server->run()
#4 {main}


2017-04-10 03:34:29 Error: [Cake\Core\Exception\MissingPluginException] Plugin CsvView.Csv could not be found. in C:\xampp\htdocs\customer_portal\vendor\cakephp\cakephp\src\Core\Plugin.php on line 149
Exception Attributes: array (
  'plugin' => 'CsvView.Csv',
)
Stack Trace:
#0 C:\xampp\htdocs\customer_portal\config\bootstrap.php(216): Cake\Core\Plugin::load('CsvView.Csv')
#1 C:\xampp\htdocs\customer_portal\vendor\cakephp\cakephp\src\Http\BaseApplication.php(61): require_once('C:\\xampp\\htdocs...')
#2 C:\xampp\htdocs\customer_portal\vendor\cakephp\cakephp\src\Http\Server.php(70): Cake\Http\BaseApplication->bootstrap()
#3 C:\xampp\htdocs\customer_portal\webroot\index.php(37): Cake\Http\Server->run()
#4 {main}


2017-04-10 03:34:33 Error: [Cake\Core\Exception\MissingPluginException] Plugin CsvView.Csv could not be found. in C:\xampp\htdocs\customer_portal\vendor\cakephp\cakephp\src\Core\Plugin.php on line 149
Exception Attributes: array (
  'plugin' => 'CsvView.Csv',
)
Stack Trace:
#0 C:\xampp\htdocs\customer_portal\config\bootstrap.php(216): Cake\Core\Plugin::load('CsvView.Csv')
#1 C:\xampp\htdocs\customer_portal\vendor\cakephp\cakephp\src\Http\BaseApplication.php(61): require_once('C:\\xampp\\htdocs...')
#2 C:\xampp\htdocs\customer_portal\vendor\cakephp\cakephp\src\Http\Server.php(70): Cake\Http\BaseApplication->bootstrap()
#3 C:\xampp\htdocs\customer_portal\webroot\index.php(37): Cake\Http\Server->run()
#4 {main}


2017-04-10 03:35:40 Error: [Cake\Routing\Exception\MissingControllerException] Controller class Users could not be found.
Exception Attributes: array (
  'class' => 'Users',
  'plugin' => false,
  'prefix' => false,
  '_ext' => false,
)
Request URL: /users/login?redirect=%2Fpassengers%2F
Stack Trace:
#0 C:\xampp\htdocs\customer_portal\vendor\cakephp\cakephp\src\Http\ControllerFactory.php(70): Cake\Http\ControllerFactory->missingController(Object(Cake\Http\ServerRequest))
#1 C:\xampp\htdocs\customer_portal\vendor\cakephp\cakephp\src\Http\ActionDispatcher.php(90): Cake\Http\ControllerFactory->create(Object(Cake\Http\ServerRequest), Object(Cake\Http\Response))
#2 C:\xampp\htdocs\customer_portal\vendor\cakephp\cakephp\src\Http\BaseApplication.php(78): Cake\Http\ActionDispatcher->dispatch(Object(Cake\Http\ServerRequest), Object(Cake\Http\Response))
#3 C:\xampp\htdocs\customer_portal\vendor\cakephp\cakephp\src\Http\Runner.php(65): Cake\Http\BaseApplication->__invoke(Object(Cake\Http\ServerRequest), Object(Cake\Http\Response), Object(Cake\Http\Runner))
#4 C:\xampp\htdocs\customer_portal\vendor\cakephp\cakephp\src\Routing\Middleware\RoutingMiddleware.php(59): Cake\Http\Runner->__invoke(Object(Cake\Http\ServerRequest), Object(Cake\Http\Response))
#5 C:\xampp\htdocs\customer_portal\vendor\cakephp\cakephp\src\Http\Runner.php(65): Cake\Routing\Middleware\RoutingMiddleware->__invoke(Object(Cake\Http\ServerRequest), Object(Cake\Http\Response), Object(Cake\Http\Runner))
#6 C:\xampp\htdocs\customer_portal\vendor\cakephp\cakephp\src\Routing\Middleware\AssetMiddleware.php(88): Cake\Http\Runner->__invoke(Object(Cake\Http\ServerRequest), Object(Cake\Http\Response))
#7 C:\xampp\htdocs\customer_portal\vendor\cakephp\cakephp\src\Http\Runner.php(65): Cake\Routing\Middleware\AssetMiddleware->__invoke(Object(Cake\Http\ServerRequest), Object(Cake\Http\Response), Object(Cake\Http\Runner))
#8 C:\xampp\htdocs\customer_portal\vendor\cakephp\cakephp\src\Error\Middleware\ErrorHandlerMiddleware.php(92): Cake\Http\Runner->__invoke(Object(Cake\Http\ServerRequest), Object(Cake\Http\Response))
#9 C:\xampp\htdocs\customer_portal\vendor\cakephp\cakephp\src\Http\Runner.php(65): Cake\Error\Middleware\ErrorHandlerMiddleware->__invoke(Object(Cake\Http\ServerRequest), Object(Cake\Http\Response), Object(Cake\Http\Runner))
#10 C:\xampp\htdocs\customer_portal\vendor\cakephp\cakephp\src\Http\Runner.php(51): Cake\Http\Runner->__invoke(Object(Cake\Http\ServerRequest), Object(Cake\Http\Response))
#11 C:\xampp\htdocs\customer_portal\vendor\cakephp\cakephp\src\Http\Server.php(80): Cake\Http\Runner->run(Object(Cake\Http\MiddlewareQueue), Object(Cake\Http\ServerRequest), Object(Cake\Http\Response))
#12 C:\xampp\htdocs\customer_portal\webroot\index.php(37): Cake\Http\Server->run()
#13 {main}


2017-04-10 03:38:41 Error: [Cake\Routing\Exception\MissingControllerException] Controller class Users could not be found.
Exception Attributes: array (
  'class' => 'Users',
  'plugin' => false,
  'prefix' => false,
  '_ext' => false,
)
Request URL: /users/login?redirect=%2Fpassengers%2F
Stack Trace:
#0 C:\xampp\htdocs\customer_portal\vendor\cakephp\cakephp\src\Http\ControllerFactory.php(70): Cake\Http\ControllerFactory->missingController(Object(Cake\Http\ServerRequest))
#1 C:\xampp\htdocs\customer_portal\vendor\cakephp\cakephp\src\Http\ActionDispatcher.php(90): Cake\Http\ControllerFactory->create(Object(Cake\Http\ServerRequest), Object(Cake\Http\Response))
#2 C:\xampp\htdocs\customer_portal\vendor\cakephp\cakephp\src\Http\BaseApplication.php(78): Cake\Http\ActionDispatcher->dispatch(Object(Cake\Http\ServerRequest), Object(Cake\Http\Response))
#3 C:\xampp\htdocs\customer_portal\vendor\cakephp\cakephp\src\Http\Runner.php(65): Cake\Http\BaseApplication->__invoke(Object(Cake\Http\ServerRequest), Object(Cake\Http\Response), Object(Cake\Http\Runner))
#4 C:\xampp\htdocs\customer_portal\vendor\cakephp\cakephp\src\Routing\Middleware\RoutingMiddleware.php(59): Cake\Http\Runner->__invoke(Object(Cake\Http\ServerRequest), Object(Cake\Http\Response))
#5 C:\xampp\htdocs\customer_portal\vendor\cakephp\cakephp\src\Http\Runner.php(65): Cake\Routing\Middleware\RoutingMiddleware->__invoke(Object(Cake\Http\ServerRequest), Object(Cake\Http\Response), Object(Cake\Http\Runner))
#6 C:\xampp\htdocs\customer_portal\vendor\cakephp\cakephp\src\Routing\Middleware\AssetMiddleware.php(88): Cake\Http\Runner->__invoke(Object(Cake\Http\ServerRequest), Object(Cake\Http\Response))
#7 C:\xampp\htdocs\customer_portal\vendor\cakephp\cakephp\src\Http\Runner.php(65): Cake\Routing\Middleware\AssetMiddleware->__invoke(Object(Cake\Http\ServerRequest), Object(Cake\Http\Response), Object(Cake\Http\Runner))
#8 C:\xampp\htdocs\customer_portal\vendor\cakephp\cakephp\src\Error\Middleware\ErrorHandlerMiddleware.php(92): Cake\Http\Runner->__invoke(Object(Cake\Http\ServerRequest), Object(Cake\Http\Response))
#9 C:\xampp\htdocs\customer_portal\vendor\cakephp\cakephp\src\Http\Runner.php(65): Cake\Error\Middleware\ErrorHandlerMiddleware->__invoke(Object(Cake\Http\ServerRequest), Object(Cake\Http\Response), Object(Cake\Http\Runner))
#10 C:\xampp\htdocs\customer_portal\vendor\cakephp\cakephp\src\Http\Runner.php(51): Cake\Http\Runner->__invoke(Object(Cake\Http\ServerRequest), Object(Cake\Http\Response))
#11 C:\xampp\htdocs\customer_portal\vendor\cakephp\cakephp\src\Http\Server.php(80): Cake\Http\Runner->run(Object(Cake\Http\MiddlewareQueue), Object(Cake\Http\ServerRequest), Object(Cake\Http\Response))
#12 C:\xampp\htdocs\customer_portal\webroot\index.php(37): Cake\Http\Server->run()
#13 {main}


2017-04-10 03:51:26 Error: Fatal Error (4): syntax error, unexpected '}' in [C:\xampp\htdocs\customer_portal\src\Controller\CustomersController.php, line 130]
Request URL: /customers/login
Trace:
Cake\Error\BaseErrorHandler::handleFatalError() - CORE\src\Error\BaseErrorHandler.php, line 223
Cake\Error\BaseErrorHandler::Cake\Error\{closure}() - CORE\src\Error\BaseErrorHandler.php, line 105
[main] - [internal], line ??



2017-04-10 03:51:26 Error: [Cake\Error\FatalErrorException] syntax error, unexpected '}' in C:\xampp\htdocs\customer_portal\src\Controller\CustomersController.php on line 130
Request URL: /customers/login
Stack Trace:
#0 C:\xampp\htdocs\customer_portal\vendor\cakephp\cakephp\src\Error\BaseErrorHandler.php(105): Cake\Error\BaseErrorHandler->handleFatalError(4, 'syntax error, u...', 'C:\\xampp\\htdocs...', 130)
#1 [internal function]: Cake\Error\BaseErrorHandler->Cake\Error\{closure}()
#2 {main}


2017-04-10 03:52:15 Error: [Cake\Routing\Exception\MissingControllerException] Controller class Users could not be found.
Exception Attributes: array (
  'class' => 'Users',
  'plugin' => false,
  'prefix' => false,
  '_ext' => false,
)
Request URL: /users/login?redirect=%2Fcustomers%2Flogin
Stack Trace:
#0 C:\xampp\htdocs\customer_portal\vendor\cakephp\cakephp\src\Http\ControllerFactory.php(70): Cake\Http\ControllerFactory->missingController(Object(Cake\Http\ServerRequest))
#1 C:\xampp\htdocs\customer_portal\vendor\cakephp\cakephp\src\Http\ActionDispatcher.php(90): Cake\Http\ControllerFactory->create(Object(Cake\Http\ServerRequest), Object(Cake\Http\Response))
#2 C:\xampp\htdocs\customer_portal\vendor\cakephp\cakephp\src\Http\BaseApplication.php(78): Cake\Http\ActionDispatcher->dispatch(Object(Cake\Http\ServerRequest), Object(Cake\Http\Response))
#3 C:\xampp\htdocs\customer_portal\vendor\cakephp\cakephp\src\Http\Runner.php(65): Cake\Http\BaseApplication->__invoke(Object(Cake\Http\ServerRequest), Object(Cake\Http\Response), Object(Cake\Http\Runner))
#4 C:\xampp\htdocs\customer_portal\vendor\cakephp\cakephp\src\Routing\Middleware\RoutingMiddleware.php(59): Cake\Http\Runner->__invoke(Object(Cake\Http\ServerRequest), Object(Cake\Http\Response))
#5 C:\xampp\htdocs\customer_portal\vendor\cakephp\cakephp\src\Http\Runner.php(65): Cake\Routing\Middleware\RoutingMiddleware->__invoke(Object(Cake\Http\ServerRequest), Object(Cake\Http\Response), Object(Cake\Http\Runner))
#6 C:\xampp\htdocs\customer_portal\vendor\cakephp\cakephp\src\Routing\Middleware\AssetMiddleware.php(88): Cake\Http\Runner->__invoke(Object(Cake\Http\ServerRequest), Object(Cake\Http\Response))
#7 C:\xampp\htdocs\customer_portal\vendor\cakephp\cakephp\src\Http\Runner.php(65): Cake\Routing\Middleware\AssetMiddleware->__invoke(Object(Cake\Http\ServerRequest), Object(Cake\Http\Response), Object(Cake\Http\Runner))
#8 C:\xampp\htdocs\customer_portal\vendor\cakephp\cakephp\src\Error\Middleware\ErrorHandlerMiddleware.php(92): Cake\Http\Runner->__invoke(Object(Cake\Http\ServerRequest), Object(Cake\Http\Response))
#9 C:\xampp\htdocs\customer_portal\vendor\cakephp\cakephp\src\Http\Runner.php(65): Cake\Error\Middleware\ErrorHandlerMiddleware->__invoke(Object(Cake\Http\ServerRequest), Object(Cake\Http\Response), Object(Cake\Http\Runner))
#10 C:\xampp\htdocs\customer_portal\vendor\cakephp\cakephp\src\Http\Runner.php(51): Cake\Http\Runner->__invoke(Object(Cake\Http\ServerRequest), Object(Cake\Http\Response))
#11 C:\xampp\htdocs\customer_portal\vendor\cakephp\cakephp\src\Http\Server.php(80): Cake\Http\Runner->run(Object(Cake\Http\MiddlewareQueue), Object(Cake\Http\ServerRequest), Object(Cake\Http\Response))
#12 C:\xampp\htdocs\customer_portal\webroot\index.php(37): Cake\Http\Server->run()
#13 {main}


2017-04-10 03:55:35 Error: Fatal Error (1): Class 'AppController' not found in [C:\xampp\htdocs\customer_portal\src\Controller\UsersController.php, line 4]
Request URL: /users/login
Trace:
Cake\Error\BaseErrorHandler::handleFatalError() - CORE\src\Error\BaseErrorHandler.php, line 223
Cake\Error\BaseErrorHandler::Cake\Error\{closure}() - CORE\src\Error\BaseErrorHandler.php, line 105
[main] - [internal], line ??



2017-04-10 03:55:35 Error: [Cake\Error\FatalErrorException] Class 'AppController' not found in C:\xampp\htdocs\customer_portal\src\Controller\UsersController.php on line 4
Request URL: /users/login
Stack Trace:
#0 C:\xampp\htdocs\customer_portal\vendor\cakephp\cakephp\src\Error\BaseErrorHandler.php(105): Cake\Error\BaseErrorHandler->handleFatalError(1, 'Class 'AppContr...', 'C:\\xampp\\htdocs...', 4)
#1 [internal function]: Cake\Error\BaseErrorHandler->Cake\Error\{closure}()
#2 {main}


2017-04-10 03:56:35 Error: [Cake\View\Exception\MissingTemplateException] Template file "Users\login.ctp" is missing.
Exception Attributes: array (
  'file' => 'Users\\login.ctp',
)
Request URL: /users/login
Stack Trace:
#0 C:\xampp\htdocs\customer_portal\vendor\cakephp\cakephp\src\View\View.php(592): Cake\View\View->_getViewFileName(NULL)
#1 C:\xampp\htdocs\customer_portal\vendor\cakephp\cakephp\src\Controller\Controller.php(623): Cake\View\View->render(NULL, NULL)
#2 C:\xampp\htdocs\customer_portal\vendor\cakephp\cakephp\src\Http\ActionDispatcher.php(125): Cake\Controller\Controller->render()
#3 C:\xampp\htdocs\customer_portal\vendor\cakephp\cakephp\src\Http\ActionDispatcher.php(93): Cake\Http\ActionDispatcher->_invoke(Object(App\Controller\UsersController))
#4 C:\xampp\htdocs\customer_portal\vendor\cakephp\cakephp\src\Http\BaseApplication.php(78): Cake\Http\ActionDispatcher->dispatch(Object(Cake\Http\ServerRequest), Object(Cake\Http\Response))
#5 C:\xampp\htdocs\customer_portal\vendor\cakephp\cakephp\src\Http\Runner.php(65): Cake\Http\BaseApplication->__invoke(Object(Cake\Http\ServerRequest), Object(Cake\Http\Response), Object(Cake\Http\Runner))
#6 C:\xampp\htdocs\customer_portal\vendor\cakephp\cakephp\src\Routing\Middleware\RoutingMiddleware.php(59): Cake\Http\Runner->__invoke(Object(Cake\Http\ServerRequest), Object(Cake\Http\Response))
#7 C:\xampp\htdocs\customer_portal\vendor\cakephp\cakephp\src\Http\Runner.php(65): Cake\Routing\Middleware\RoutingMiddleware->__invoke(Object(Cake\Http\ServerRequest), Object(Cake\Http\Response), Object(Cake\Http\Runner))
#8 C:\xampp\htdocs\customer_portal\vendor\cakephp\cakephp\src\Routing\Middleware\AssetMiddleware.php(88): Cake\Http\Runner->__invoke(Object(Cake\Http\ServerRequest), Object(Cake\Http\Response))
#9 C:\xampp\htdocs\customer_portal\vendor\cakephp\cakephp\src\Http\Runner.php(65): Cake\Routing\Middleware\AssetMiddleware->__invoke(Object(Cake\Http\ServerRequest), Object(Cake\Http\Response), Object(Cake\Http\Runner))
#10 C:\xampp\htdocs\customer_portal\vendor\cakephp\cakephp\src\Error\Middleware\ErrorHandlerMiddleware.php(92): Cake\Http\Runner->__invoke(Object(Cake\Http\ServerRequest), Object(Cake\Http\Response))
#11 C:\xampp\htdocs\customer_portal\vendor\cakephp\cakephp\src\Http\Runner.php(65): Cake\Error\Middleware\ErrorHandlerMiddleware->__invoke(Object(Cake\Http\ServerRequest), Object(Cake\Http\Response), Object(Cake\Http\Runner))
#12 C:\xampp\htdocs\customer_portal\vendor\cakephp\cakephp\src\Http\Runner.php(51): Cake\Http\Runner->__invoke(Object(Cake\Http\ServerRequest), Object(Cake\Http\Response))
#13 C:\xampp\htdocs\customer_portal\vendor\cakephp\cakephp\src\Http\Server.php(80): Cake\Http\Runner->run(Object(Cake\Http\MiddlewareQueue), Object(Cake\Http\ServerRequest), Object(Cake\Http\Response))
#14 C:\xampp\htdocs\customer_portal\webroot\index.php(37): Cake\Http\Server->run()
#15 {main}


2017-04-10 05:10:05 Error: [Cake\Database\Exception] SQLSTATE[42S02]: Base table or view not found: 1146 Table 'customer_portal.users' doesn't exist
Request URL: /users/login?redirect=%2Fcustomers
Referer URL: http://localhost/customer_portal/users/login?redirect=%2Fcustomers
Stack Trace:
#0 C:\xampp\htdocs\customer_portal\vendor\cakephp\cakephp\src\Database\Schema\Collection.php(97): Cake\Database\Schema\Collection->_reflect('Column', 'users', Array, Object(Cake\Database\Schema\TableSchema))
#1 C:\xampp\htdocs\customer_portal\vendor\cakephp\cakephp\src\Database\Schema\CachedCollection.php(63): Cake\Database\Schema\Collection->describe('users', Array)
#2 C:\xampp\htdocs\customer_portal\vendor\cakephp\cakephp\src\ORM\Table.php(531): Cake\Database\Schema\CachedCollection->describe('users')
#3 C:\xampp\htdocs\customer_portal\vendor\cakephp\cakephp\src\ORM\Query.php(210): Cake\ORM\Table->getSchema()
#4 C:\xampp\htdocs\customer_portal\vendor\cakephp\cakephp\src\ORM\Query.php(167): Cake\ORM\Query->addDefaultTypes(Object(Cake\ORM\Table))
#5 C:\xampp\htdocs\customer_portal\vendor\cakephp\cakephp\src\ORM\Table.php(1569): Cake\ORM\Query->__construct(Object(Cake\Database\Connection), Object(Cake\ORM\Table))
#6 C:\xampp\htdocs\customer_portal\vendor\cakephp\cakephp\src\ORM\Table.php(1171): Cake\ORM\Table->query()
#7 C:\xampp\htdocs\customer_portal\vendor\cakephp\cakephp\src\Auth\BaseAuthenticate.php(159): Cake\ORM\Table->find('all', Array)
#8 C:\xampp\htdocs\customer_portal\vendor\cakephp\cakephp\src\Auth\BaseAuthenticate.php(107): Cake\Auth\BaseAuthenticate->_query('jimmy@gmail.com')
#9 C:\xampp\htdocs\customer_portal\vendor\cakephp\cakephp\src\Auth\FormAuthenticate.php(79): Cake\Auth\BaseAuthenticate->_findUser('jimmy@gmail.com', 'testing')
#10 C:\xampp\htdocs\customer_portal\vendor\cakephp\cakephp\src\Controller\Component\AuthComponent.php(820): Cake\Auth\FormAuthenticate->authenticate(Object(Cake\Http\ServerRequest), Object(Cake\Http\Response))
#11 C:\xampp\htdocs\customer_portal\src\Controller\UsersController.php(12): Cake\Controller\Component\AuthComponent->identify()
#12 C:\xampp\htdocs\customer_portal\vendor\cakephp\cakephp\src\Controller\Controller.php(440): App\Controller\UsersController->login()
#13 C:\xampp\htdocs\customer_portal\vendor\cakephp\cakephp\src\Http\ActionDispatcher.php(119): Cake\Controller\Controller->invokeAction()
#14 C:\xampp\htdocs\customer_portal\vendor\cakephp\cakephp\src\Http\ActionDispatcher.php(93): Cake\Http\ActionDispatcher->_invoke(Object(App\Controller\UsersController))
#15 C:\xampp\htdocs\customer_portal\vendor\cakephp\cakephp\src\Http\BaseApplication.php(78): Cake\Http\ActionDispatcher->dispatch(Object(Cake\Http\ServerRequest), Object(Cake\Http\Response))
#16 C:\xampp\htdocs\customer_portal\vendor\cakephp\cakephp\src\Http\Runner.php(65): Cake\Http\BaseApplication->__invoke(Object(Cake\Http\ServerRequest), Object(Cake\Http\Response), Object(Cake\Http\Runner))
#17 C:\xampp\htdocs\customer_portal\vendor\cakephp\cakephp\src\Routing\Middleware\RoutingMiddleware.php(59): Cake\Http\Runner->__invoke(Object(Cake\Http\ServerRequest), Object(Cake\Http\Response))
#18 C:\xampp\htdocs\customer_portal\vendor\cakephp\cakephp\src\Http\Runner.php(65): Cake\Routing\Middleware\RoutingMiddleware->__invoke(Object(Cake\Http\ServerRequest), Object(Cake\Http\Response), Object(Cake\Http\Runner))
#19 C:\xampp\htdocs\customer_portal\vendor\cakephp\cakephp\src\Routing\Middleware\AssetMiddleware.php(88): Cake\Http\Runner->__invoke(Object(Cake\Http\ServerRequest), Object(Cake\Http\Response))
#20 C:\xampp\htdocs\customer_portal\vendor\cakephp\cakephp\src\Http\Runner.php(65): Cake\Routing\Middleware\AssetMiddleware->__invoke(Object(Cake\Http\ServerRequest), Object(Cake\Http\Response), Object(Cake\Http\Runner))
#21 C:\xampp\htdocs\customer_portal\vendor\cakephp\cakephp\src\Error\Middleware\ErrorHandlerMiddleware.php(92): Cake\Http\Runner->__invoke(Object(Cake\Http\ServerRequest), Object(Cake\Http\Response))
#22 C:\xampp\htdocs\customer_portal\vendor\cakephp\cakephp\src\Http\Runner.php(65): Cake\Error\Middleware\ErrorHandlerMiddleware->__invoke(Object(Cake\Http\ServerRequest), Object(Cake\Http\Response), Object(Cake\Http\Runner))
#23 C:\xampp\htdocs\customer_portal\vendor\cakephp\cakephp\src\Http\Runner.php(51): Cake\Http\Runner->__invoke(Object(Cake\Http\ServerRequest), Object(Cake\Http\Response))
#24 C:\xampp\htdocs\customer_portal\vendor\cakephp\cakephp\src\Http\Server.php(80): Cake\Http\Runner->run(Object(Cake\Http\MiddlewareQueue), Object(Cake\Http\ServerRequest), Object(Cake\Http\Response))
#25 C:\xampp\htdocs\customer_portal\webroot\index.php(37): Cake\Http\Server->run()
#26 {main}


2017-04-10 11:04:52 Error: Fatal Error (1): Call to a member function allow() on boolean in [C:\xampp\htdocs\customer_portal\src\Controller\AppController.php, line 71]
Request URL: /users/login?redirect=%2Fcustomers
Referer URL: http://localhost/customer_portal/users/login?redirect=%2Fcustomers
Trace:
Cake\Error\BaseErrorHandler::handleFatalError() - CORE\src\Error\BaseErrorHandler.php, line 223
Cake\Error\BaseErrorHandler::Cake\Error\{closure}() - CORE\src\Error\BaseErrorHandler.php, line 105
[main] - [internal], line ??



2017-04-10 11:04:52 Error: [Cake\Error\FatalErrorException] Call to a member function allow() on boolean in C:\xampp\htdocs\customer_portal\src\Controller\AppController.php on line 71
Request URL: /users/login?redirect=%2Fcustomers
Referer URL: http://localhost/customer_portal/users/login?redirect=%2Fcustomers
Stack Trace:
#0 C:\xampp\htdocs\customer_portal\vendor\cakephp\cakephp\src\Error\BaseErrorHandler.php(105): Cake\Error\BaseErrorHandler->handleFatalError(1, 'Call to a membe...', 'C:\\xampp\\htdocs...', 71)
#1 [internal function]: Cake\Error\BaseErrorHandler->Cake\Error\{closure}()
#2 {main}


2017-04-10 11:09:57 Error: [Cake\Routing\Exception\MissingControllerException] Controller class Bookmarks could not be found.
Exception Attributes: array (
  'class' => 'Bookmarks',
  'plugin' => false,
  'prefix' => false,
  '_ext' => false,
)
Request URL: /bookmarks
Stack Trace:
#0 C:\xampp\htdocs\customer_portal\vendor\cakephp\cakephp\src\Http\ControllerFactory.php(70): Cake\Http\ControllerFactory->missingController(Object(Cake\Http\ServerRequest))
#1 C:\xampp\htdocs\customer_portal\vendor\cakephp\cakephp\src\Http\ActionDispatcher.php(90): Cake\Http\ControllerFactory->create(Object(Cake\Http\ServerRequest), Object(Cake\Http\Response))
#2 C:\xampp\htdocs\customer_portal\vendor\cakephp\cakephp\src\Http\BaseApplication.php(78): Cake\Http\ActionDispatcher->dispatch(Object(Cake\Http\ServerRequest), Object(Cake\Http\Response))
#3 C:\xampp\htdocs\customer_portal\vendor\cakephp\cakephp\src\Http\Runner.php(65): Cake\Http\BaseApplication->__invoke(Object(Cake\Http\ServerRequest), Object(Cake\Http\Response), Object(Cake\Http\Runner))
#4 C:\xampp\htdocs\customer_portal\vendor\cakephp\cakephp\src\Routing\Middleware\RoutingMiddleware.php(59): Cake\Http\Runner->__invoke(Object(Cake\Http\ServerRequest), Object(Cake\Http\Response))
#5 C:\xampp\htdocs\customer_portal\vendor\cakephp\cakephp\src\Http\Runner.php(65): Cake\Routing\Middleware\RoutingMiddleware->__invoke(Object(Cake\Http\ServerRequest), Object(Cake\Http\Response), Object(Cake\Http\Runner))
#6 C:\xampp\htdocs\customer_portal\vendor\cakephp\cakephp\src\Routing\Middleware\AssetMiddleware.php(88): Cake\Http\Runner->__invoke(Object(Cake\Http\ServerRequest), Object(Cake\Http\Response))
#7 C:\xampp\htdocs\customer_portal\vendor\cakephp\cakephp\src\Http\Runner.php(65): Cake\Routing\Middleware\AssetMiddleware->__invoke(Object(Cake\Http\ServerRequest), Object(Cake\Http\Response), Object(Cake\Http\Runner))
#8 C:\xampp\htdocs\customer_portal\vendor\cakephp\cakephp\src\Error\Middleware\ErrorHandlerMiddleware.php(92): Cake\Http\Runner->__invoke(Object(Cake\Http\ServerRequest), Object(Cake\Http\Response))
#9 C:\xampp\htdocs\customer_portal\vendor\cakephp\cakephp\src\Http\Runner.php(65): Cake\Error\Middleware\ErrorHandlerMiddleware->__invoke(Object(Cake\Http\ServerRequest), Object(Cake\Http\Response), Object(Cake\Http\Runner))
#10 C:\xampp\htdocs\customer_portal\vendor\cakephp\cakephp\src\Http\Runner.php(51): Cake\Http\Runner->__invoke(Object(Cake\Http\ServerRequest), Object(Cake\Http\Response))
#11 C:\xampp\htdocs\customer_portal\vendor\cakephp\cakephp\src\Http\Server.php(80): Cake\Http\Runner->run(Object(Cake\Http\MiddlewareQueue), Object(Cake\Http\ServerRequest), Object(Cake\Http\Response))
#12 C:\xampp\htdocs\customer_portal\webroot\index.php(37): Cake\Http\Server->run()
#13 {main}


2017-04-10 11:11:01 Error: [Cake\Routing\Exception\MissingControllerException] Controller class Bookmarks could not be found.
Exception Attributes: array (
  'class' => 'Bookmarks',
  'plugin' => false,
  'prefix' => false,
  '_ext' => false,
)
Request URL: /bookmarks/add
Stack Trace:
#0 C:\xampp\htdocs\customer_portal\vendor\cakephp\cakephp\src\Http\ControllerFactory.php(70): Cake\Http\ControllerFactory->missingController(Object(Cake\Http\ServerRequest))
#1 C:\xampp\htdocs\customer_portal\vendor\cakephp\cakephp\src\Http\ActionDispatcher.php(90): Cake\Http\ControllerFactory->create(Object(Cake\Http\ServerRequest), Object(Cake\Http\Response))
#2 C:\xampp\htdocs\customer_portal\vendor\cakephp\cakephp\src\Http\BaseApplication.php(78): Cake\Http\ActionDispatcher->dispatch(Object(Cake\Http\ServerRequest), Object(Cake\Http\Response))
#3 C:\xampp\htdocs\customer_portal\vendor\cakephp\cakephp\src\Http\Runner.php(65): Cake\Http\BaseApplication->__invoke(Object(Cake\Http\ServerRequest), Object(Cake\Http\Response), Object(Cake\Http\Runner))
#4 C:\xampp\htdocs\customer_portal\vendor\cakephp\cakephp\src\Routing\Middleware\RoutingMiddleware.php(59): Cake\Http\Runner->__invoke(Object(Cake\Http\ServerRequest), Object(Cake\Http\Response))
#5 C:\xampp\htdocs\customer_portal\vendor\cakephp\cakephp\src\Http\Runner.php(65): Cake\Routing\Middleware\RoutingMiddleware->__invoke(Object(Cake\Http\ServerRequest), Object(Cake\Http\Response), Object(Cake\Http\Runner))
#6 C:\xampp\htdocs\customer_portal\vendor\cakephp\cakephp\src\Routing\Middleware\AssetMiddleware.php(88): Cake\Http\Runner->__invoke(Object(Cake\Http\ServerRequest), Object(Cake\Http\Response))
#7 C:\xampp\htdocs\customer_portal\vendor\cakephp\cakephp\src\Http\Runner.php(65): Cake\Routing\Middleware\AssetMiddleware->__invoke(Object(Cake\Http\ServerRequest), Object(Cake\Http\Response), Object(Cake\Http\Runner))
#8 C:\xampp\htdocs\customer_portal\vendor\cakephp\cakephp\src\Error\Middleware\ErrorHandlerMiddleware.php(92): Cake\Http\Runner->__invoke(Object(Cake\Http\ServerRequest), Object(Cake\Http\Response))
#9 C:\xampp\htdocs\customer_portal\vendor\cakephp\cakephp\src\Http\Runner.php(65): Cake\Error\Middleware\ErrorHandlerMiddleware->__invoke(Object(Cake\Http\ServerRequest), Object(Cake\Http\Response), Object(Cake\Http\Runner))
#10 C:\xampp\htdocs\customer_portal\vendor\cakephp\cakephp\src\Http\Runner.php(51): Cake\Http\Runner->__invoke(Object(Cake\Http\ServerRequest), Object(Cake\Http\Response))
#11 C:\xampp\htdocs\customer_portal\vendor\cakephp\cakephp\src\Http\Server.php(80): Cake\Http\Runner->run(Object(Cake\Http\MiddlewareQueue), Object(Cake\Http\ServerRequest), Object(Cake\Http\Response))
#12 C:\xampp\htdocs\customer_portal\webroot\index.php(37): Cake\Http\Server->run()
#13 {main}


